::1 - - [24/Nov/2015:09:08:36 +0000] "GET /css/style.css HTTP/1.1" 404 37 "http://localhost/" "Mozilla/5.0 (Windows NT 10.0; WOW64) AppleWebKit/537.36 (KHTML, like Gecko) Chrome/46.0.2490.86 Safari/537.36"
::1 - - [24/Nov/2015:09:08:36 +0000] "GET /js/js.js HTTP/1.1" 404 32 "http://localhost/" "Mozilla/5.0 (Windows NT 10.0; WOW64) AppleWebKit/537.36 (KHTML, like Gecko) Chrome/46.0.2490.86 Safari/537.36"
::1 - - [24/Nov/2015:09:48:23 +0000] "GET /css/style.css HTTP/1.1" 404 37 "http://localhost/" "Mozilla/5.0 (Windows NT 10.0; WOW64) AppleWebKit/537.36 (KHTML, like Gecko) Chrome/46.0.2490.86 Safari/537.36"
::1 - - [24/Nov/2015:09:48:23 +0000] "GET /js/js.js HTTP/1.1" 404 32 "http://localhost/" "Mozilla/5.0 (Windows NT 10.0; WOW64) AppleWebKit/537.36 (KHTML, like Gecko) Chrome/46.0.2490.86 Safari/537.36"
::1 - - [24/Nov/2015:11:12:07 +0000] "GET /api/restaurants HTTP/1.1" 200 468 "-" "Mozilla/5.0 (Windows NT 10.0; WOW64) AppleWebKit/537.36 (KHTML, like Gecko) Chrome/46.0.2490.86 Safari/537.36"
::1 - - [24/Nov/2015:12:39:31 +0000] "GET /api/restaurants HTTP/1.1" - - "-" "Mozilla/5.0 (Windows NT 10.0; WOW64) AppleWebKit/537.36 (KHTML, like Gecko) Chrome/46.0.2490.86 Safari/537.36"
::1 - - [24/Nov/2015:12:39:31 +0000] "GET /css/style.css HTTP/1.1" 404 37 "http://localhost/" "Mozilla/5.0 (Windows NT 10.0; WOW64) AppleWebKit/537.36 (KHTML, like Gecko) Chrome/46.0.2490.86 Safari/537.36"
::1 - - [24/Nov/2015:12:39:31 +0000] "GET /js/js.js HTTP/1.1" 404 32 "http://localhost/" "Mozilla/5.0 (Windows NT 10.0; WOW64) AppleWebKit/537.36 (KHTML, like Gecko) Chrome/46.0.2490.86 Safari/537.36"
::1 - - [24/Nov/2015:12:40:18 +0000] "GET /api/restaurants HTTP/1.1" - - "-" "Mozilla/5.0 (Windows NT 10.0; WOW64) AppleWebKit/537.36 (KHTML, like Gecko) Chrome/46.0.2490.86 Safari/537.36"
::1 - - [24/Nov/2015:12:40:19 +0000] "GET /css/style.css HTTP/1.1" 404 37 "http://localhost/" "Mozilla/5.0 (Windows NT 10.0; WOW64) AppleWebKit/537.36 (KHTML, like Gecko) Chrome/46.0.2490.86 Safari/537.36"
::1 - - [24/Nov/2015:12:40:19 +0000] "GET /js/js.js HTTP/1.1" 404 32 "http://localhost/" "Mozilla/5.0 (Windows NT 10.0; WOW64) AppleWebKit/537.36 (KHTML, like Gecko) Chrome/46.0.2490.86 Safari/537.36"
::1 - - [24/Nov/2015:12:40:46 +0000] "GET /api/restaurants HTTP/1.1" 200 468 "-" "Mozilla/5.0 (Windows NT 10.0; WOW64) AppleWebKit/537.36 (KHTML, like Gecko) Chrome/46.0.2490.86 Safari/537.36"
::1 - - [24/Nov/2015:12:40:52 +0000] "GET /css/style.css HTTP/1.1" 404 37 "http://localhost/" "Mozilla/5.0 (Windows NT 10.0; WOW64) AppleWebKit/537.36 (KHTML, like Gecko) Chrome/46.0.2490.86 Safari/537.36"
::1 - - [24/Nov/2015:12:40:52 +0000] "GET /js/js.js HTTP/1.1" 404 32 "http://localhost/" "Mozilla/5.0 (Windows NT 10.0; WOW64) AppleWebKit/537.36 (KHTML, like Gecko) Chrome/46.0.2490.86 Safari/537.36"
::1 - - [24/Nov/2015:12:57:47 +0000] "GET /api/restaurants HTTP/1.1" 200 37 "-" "Mozilla/5.0 (Windows NT 10.0; WOW64) AppleWebKit/537.36 (KHTML, like Gecko) Chrome/46.0.2490.86 Safari/537.36"
::1 - - [24/Nov/2015:12:57:51 +0000] "GET /api/ HTTP/1.1" 404 28 "-" "Mozilla/5.0 (Windows NT 10.0; WOW64) AppleWebKit/537.36 (KHTML, like Gecko) Chrome/46.0.2490.86 Safari/537.36"
::1 - - [24/Nov/2015:12:57:53 +0000] "GET / HTTP/1.1" 200 342 "-" "Mozilla/5.0 (Windows NT 10.0; WOW64) AppleWebKit/537.36 (KHTML, like Gecko) Chrome/46.0.2490.86 Safari/537.36"
::1 - - [24/Nov/2015:12:57:54 +0000] "GET /css/style.css HTTP/1.1" 404 37 "http://localhost/" "Mozilla/5.0 (Windows NT 10.0; WOW64) AppleWebKit/537.36 (KHTML, like Gecko) Chrome/46.0.2490.86 Safari/537.36"
::1 - - [24/Nov/2015:12:57:54 +0000] "GET /js/js.js HTTP/1.1" 404 32 "http://localhost/" "Mozilla/5.0 (Windows NT 10.0; WOW64) AppleWebKit/537.36 (KHTML, like Gecko) Chrome/46.0.2490.86 Safari/537.36"
::1 - - [24/Nov/2015:12:59:25 +0000] "GET / HTTP/1.1" 304 - "-" "Mozilla/5.0 (Windows NT 10.0; WOW64) AppleWebKit/537.36 (KHTML, like Gecko) Chrome/46.0.2490.86 Safari/537.36"
::1 - - [24/Nov/2015:12:59:25 +0000] "GET /css/style.css HTTP/1.1" 404 37 "http://localhost/" "Mozilla/5.0 (Windows NT 10.0; WOW64) AppleWebKit/537.36 (KHTML, like Gecko) Chrome/46.0.2490.86 Safari/537.36"
::1 - - [24/Nov/2015:12:59:25 +0000] "GET /js/js.js HTTP/1.1" 404 32 "http://localhost/" "Mozilla/5.0 (Windows NT 10.0; WOW64) AppleWebKit/537.36 (KHTML, like Gecko) Chrome/46.0.2490.86 Safari/537.36"
::1 - - [24/Nov/2015:13:01:40 +0000] "GET /api/restaurants HTTP/1.1" 304 - "-" "Mozilla/5.0 (Windows NT 10.0; WOW64) AppleWebKit/537.36 (KHTML, like Gecko) Chrome/46.0.2490.86 Safari/537.36"
::1 - - [24/Nov/2015:14:21:58 +0000] "GET /api/restaurants HTTP/1.1" 500 2482 "-" "Mozilla/5.0 (Windows NT 10.0; WOW64) AppleWebKit/537.36 (KHTML, like Gecko) Chrome/46.0.2490.86 Safari/537.36"
::1 - - [24/Nov/2015:14:24:29 +0000] "GET /api/restaurants HTTP/1.1" 500 2482 "-" "Mozilla/5.0 (Windows NT 10.0; WOW64) AppleWebKit/537.36 (KHTML, like Gecko) Chrome/46.0.2490.86 Safari/537.36"
::1 - - [24/Nov/2015:14:24:58 +0000] "GET /api/restaurants HTTP/1.1" 500 2482 "-" "Mozilla/5.0 (Windows NT 10.0; WOW64) AppleWebKit/537.36 (KHTML, like Gecko) Chrome/46.0.2490.86 Safari/537.36"
::1 - - [24/Nov/2015:14:27:00 +0000] "GET /api/restaurants HTTP/1.1" 500 2482 "-" "Mozilla/5.0 (Windows NT 10.0; WOW64) AppleWebKit/537.36 (KHTML, like Gecko) Chrome/46.0.2490.86 Safari/537.36"
::1 - - [24/Nov/2015:14:28:10 +0000] "GET / HTTP/1.1" 200 342 "-" "Mozilla/5.0 (Windows NT 10.0; WOW64) AppleWebKit/537.36 (KHTML, like Gecko) Chrome/46.0.2490.86 Safari/537.36"
::1 - - [24/Nov/2015:14:29:29 +0000] "GET /api/restaurants HTTP/1.1" 500 2482 "-" "Mozilla/5.0 (Windows NT 10.0; WOW64) AppleWebKit/537.36 (KHTML, like Gecko) Chrome/46.0.2490.86 Safari/537.36"
::1 - - [24/Nov/2015:14:29:52 +0000] "GET /api/restaurants HTTP/1.1" 500 2482 "-" "Mozilla/5.0 (Windows NT 10.0; WOW64) AppleWebKit/537.36 (KHTML, like Gecko) Chrome/46.0.2490.86 Safari/537.36"
::1 - - [24/Nov/2015:14:30:14 +0000] "GET /api/restaurants HTTP/1.1" 500 2482 "-" "Mozilla/5.0 (Windows NT 10.0; WOW64) AppleWebKit/537.36 (KHTML, like Gecko) Chrome/46.0.2490.86 Safari/537.36"
::1 - - [24/Nov/2015:14:35:24 +0000] "GET /api/restaurants HTTP/1.1" 200 548 "-" "Mozilla/5.0 (Windows NT 10.0; WOW64) AppleWebKit/537.36 (KHTML, like Gecko) Chrome/46.0.2490.86 Safari/537.36"
::1 - - [24/Nov/2015:14:41:13 +0000] "GET /api/restaurants/5654406eac7e65775097a513 HTTP/1.1" 500 2440 "-" "Mozilla/5.0 (Windows NT 10.0; WOW64) AppleWebKit/537.36 (KHTML, like Gecko) Chrome/46.0.2490.86 Safari/537.36"
::1 - - [24/Nov/2015:14:42:27 +0000] "GET /api/restaurants HTTP/1.1" 200 548 "-" "Mozilla/5.0 (Windows NT 10.0; WOW64) AppleWebKit/537.36 (KHTML, like Gecko) Chrome/46.0.2490.86 Safari/537.36"
::1 - - [24/Nov/2015:14:43:22 +0000] "GET /api/restaurants/56543f8cac7e65775097a512 HTTP/1.1" 200 275 "-" "Mozilla/5.0 (Windows NT 10.0; WOW64) AppleWebKit/537.36 (KHTML, like Gecko) Chrome/46.0.2490.86 Safari/537.36"
::1 - - [24/Nov/2015:14:51:18 +0000] "GET /api/restaurants/56543f8cac7e65775097a512 HTTP/1.1" 200 275 "-" "Mozilla/5.0 (Windows NT 10.0; WOW64) AppleWebKit/537.36 (KHTML, like Gecko) Chrome/46.0.2490.86 Safari/537.36"
::1 - - [24/Nov/2015:14:52:43 +0000] "GET /api/restaurants/56543f8cac7e65775097a512 HTTP/1.1" 200 273 "-" "Mozilla/5.0 (Windows NT 10.0; WOW64) AppleWebKit/537.36 (KHTML, like Gecko) Chrome/46.0.2490.86 Safari/537.36"
::1 - - [24/Nov/2015:15:14:26 +0000] "GET /api/restaurants HTTP/1.1" 200 548 "-" "Mozilla/5.0 (Windows NT 10.0; WOW64) AppleWebKit/537.36 (KHTML, like Gecko) Chrome/46.0.2490.86 Safari/537.36"
::1 - - [25/Nov/2015:08:00:35 +0000] "GET /api/restaurants/56543f8cac7e65775097a512 HTTP/1.1" 200 273 "-" "Mozilla/5.0 (Windows NT 10.0; WOW64) AppleWebKit/537.36 (KHTML, like Gecko) Chrome/46.0.2490.86 Safari/537.36"
::1 - - [25/Nov/2015:08:00:40 +0000] "GET /api/restaurants HTTP/1.1" 200 548 "-" "Mozilla/5.0 (Windows NT 10.0; WOW64) AppleWebKit/537.36 (KHTML, like Gecko) Chrome/46.0.2490.86 Safari/537.36"
::1 - - [25/Nov/2015:08:08:27 +0000] "GET /api/restaurants/56543f8cac7e65775097a5124 HTTP/1.1" 200 179 "-" "Mozilla/5.0 (Windows NT 10.0; WOW64) AppleWebKit/537.36 (KHTML, like Gecko) Chrome/46.0.2490.86 Safari/537.36"
::1 - - [25/Nov/2015:08:10:36 +0000] "GET /api/restaurants/56543f8cac7e65775097a5124 HTTP/1.1" 200 179 "-" "Mozilla/5.0 (Windows NT 10.0; WOW64) AppleWebKit/537.36 (KHTML, like Gecko) Chrome/46.0.2490.86 Safari/537.36"
::1 - - [25/Nov/2015:08:14:28 +0000] "GET /api/restaurants/56543f8cac7e65775097a5124 HTTP/1.1" 200 179 "-" "Mozilla/5.0 (Windows NT 10.0; WOW64) AppleWebKit/537.36 (KHTML, like Gecko) Chrome/46.0.2490.86 Safari/537.36"
::1 - - [25/Nov/2015:08:18:03 +0000] "GET /api/restaurants/name/gilles HTTP/1.1" 200 273 "-" "Mozilla/5.0 (Windows NT 10.0; WOW64) AppleWebKit/537.36 (KHTML, like Gecko) Chrome/46.0.2490.86 Safari/537.36"
::1 - - [25/Nov/2015:08:55:24 +0000] "GET /api/restaurants/name/gillesdzddz HTTP/1.1" 200 4 "-" "Mozilla/5.0 (Windows NT 10.0; WOW64) AppleWebKit/537.36 (KHTML, like Gecko) Chrome/46.0.2490.86 Safari/537.36"
::1 - - [25/Nov/2015:08:55:31 +0000] "GET /api/restaurants/zzzzzz HTTP/1.1" 200 62 "-" "Mozilla/5.0 (Windows NT 10.0; WOW64) AppleWebKit/537.36 (KHTML, like Gecko) Chrome/46.0.2490.86 Safari/537.36"
::1 - - [25/Nov/2015:08:56:45 +0000] "GET /api/restaurants/name/gillesdzddz HTTP/1.1" 200 4 "-" "Mozilla/5.0 (Windows NT 10.0; WOW64) AppleWebKit/537.36 (KHTML, like Gecko) Chrome/46.0.2490.86 Safari/537.36"
::1 - - [25/Nov/2015:09:01:47 +0000] "POST /api/restaurants/ HTTP/1.1" 500 2485 "-" "Mozilla/5.0 (Windows NT 10.0; WOW64) AppleWebKit/537.36 (KHTML, like Gecko) Chrome/46.0.2490.86 Safari/537.36"
::1 - - [25/Nov/2015:09:02:15 +0000] "POST /api/restaurants/ HTTP/1.1" 500 2443 "-" "Mozilla/5.0 (Windows NT 10.0; WOW64) AppleWebKit/537.36 (KHTML, like Gecko) Chrome/46.0.2490.86 Safari/537.36"
::1 - - [25/Nov/2015:09:04:36 +0000] "POST /api/restaurants/ HTTP/1.1" 200 37 "-" "Mozilla/5.0 (Windows NT 10.0; WOW64) AppleWebKit/537.36 (KHTML, like Gecko) Chrome/46.0.2490.86 Safari/537.36"
::1 - - [25/Nov/2015:09:04:42 +0000] "GET /api/restaurants/ HTTP/1.1" 200 827 "-" "Mozilla/5.0 (Windows NT 10.0; WOW64) AppleWebKit/537.36 (KHTML, like Gecko) Chrome/46.0.2490.86 Safari/537.36"
::1 - - [25/Nov/2015:09:20:47 +0000] "POST /api/restaurants/ HTTP/1.1" - - "-" "Mozilla/5.0 (Windows NT 10.0; WOW64) AppleWebKit/537.36 (KHTML, like Gecko) Chrome/46.0.2490.86 Safari/537.36"
::1 - - [25/Nov/2015:09:22:48 +0000] "POST /api/restaurants/ HTTP/1.1" - - "-" "Mozilla/5.0 (Windows NT 10.0; WOW64) AppleWebKit/537.36 (KHTML, like Gecko) Chrome/46.0.2490.86 Safari/537.36"
::1 - - [25/Nov/2015:09:24:34 +0000] "POST /api/restaurants/ HTTP/1.1" 200 37 "-" "Mozilla/5.0 (Windows NT 10.0; WOW64) AppleWebKit/537.36 (KHTML, like Gecko) Chrome/46.0.2490.86 Safari/537.36"
::1 - - [25/Nov/2015:09:53:09 +0000] "POST /api/restaurants/ HTTP/1.1" 500 2439 "-" "Mozilla/5.0 (Windows NT 10.0; WOW64) AppleWebKit/537.36 (KHTML, like Gecko) Chrome/46.0.2490.86 Safari/537.36"
::1 - - [25/Nov/2015:09:53:53 +0000] "POST /api/restaurants/ HTTP/1.1" 200 37 "-" "Mozilla/5.0 (Windows NT 10.0; WOW64) AppleWebKit/537.36 (KHTML, like Gecko) Chrome/46.0.2490.86 Safari/537.36"
::1 - - [25/Nov/2015:09:53:58 +0000] "GET /api/restaurants/ HTTP/1.1" 200 1111 "-" "Mozilla/5.0 (Windows NT 10.0; WOW64) AppleWebKit/537.36 (KHTML, like Gecko) Chrome/46.0.2490.86 Safari/537.36"
::1 - - [25/Nov/2015:10:06:05 +0000] "DELETE /api/restaurants/56557e52c95d94bc59569bf9 HTTP/1.1" 500 2462 "-" "Mozilla/5.0 (Windows NT 10.0; WOW64) AppleWebKit/537.36 (KHTML, like Gecko) Chrome/46.0.2490.86 Safari/537.36"
::1 - - [25/Nov/2015:10:06:18 +0000] "DELETE /api/restaurants/56557e52c95d94bc59569bf9 HTTP/1.1" 200 34 "-" "Mozilla/5.0 (Windows NT 10.0; WOW64) AppleWebKit/537.36 (KHTML, like Gecko) Chrome/46.0.2490.86 Safari/537.36"
::1 - - [25/Nov/2015:10:06:22 +0000] "GET /api/restaurants/ HTTP/1.1" 200 832 "-" "Mozilla/5.0 (Windows NT 10.0; WOW64) AppleWebKit/537.36 (KHTML, like Gecko) Chrome/46.0.2490.86 Safari/537.36"
::1 - - [25/Nov/2015:10:43:26 +0000] "GET / HTTP/1.1" 200 342 "-" "Mozilla/5.0 (Windows NT 10.0; WOW64) AppleWebKit/537.36 (KHTML, like Gecko) Chrome/46.0.2490.86 Safari/537.36"
::1 - - [25/Nov/2015:10:43:26 +0000] "GET /css/style.css HTTP/1.1" 200 3 "http://localhost/" "Mozilla/5.0 (Windows NT 10.0; WOW64) AppleWebKit/537.36 (KHTML, like Gecko) Chrome/46.0.2490.86 Safari/537.36"
::1 - - [25/Nov/2015:10:43:26 +0000] "GET /js/js.js HTTP/1.1" 200 3 "http://localhost/" "Mozilla/5.0 (Windows NT 10.0; WOW64) AppleWebKit/537.36 (KHTML, like Gecko) Chrome/46.0.2490.86 Safari/537.36"
::1 - - [25/Nov/2015:10:43:26 +0000] "GET /favicon.ico HTTP/1.1" 404 35 "http://localhost/" "Mozilla/5.0 (Windows NT 10.0; WOW64) AppleWebKit/537.36 (KHTML, like Gecko) Chrome/46.0.2490.86 Safari/537.36"
::1 - - [25/Nov/2015:10:43:51 +0000] "GET / HTTP/1.1" 304 - "-" "Mozilla/5.0 (Windows NT 10.0; WOW64) AppleWebKit/537.36 (KHTML, like Gecko) Chrome/46.0.2490.86 Safari/537.36"
::1 - - [25/Nov/2015:10:43:51 +0000] "GET /css/style.css HTTP/1.1" 304 - "http://localhost/" "Mozilla/5.0 (Windows NT 10.0; WOW64) AppleWebKit/537.36 (KHTML, like Gecko) Chrome/46.0.2490.86 Safari/537.36"
::1 - - [25/Nov/2015:10:43:51 +0000] "GET /js/js.js HTTP/1.1" 304 - "http://localhost/" "Mozilla/5.0 (Windows NT 10.0; WOW64) AppleWebKit/537.36 (KHTML, like Gecko) Chrome/46.0.2490.86 Safari/537.36"
::1 - - [25/Nov/2015:10:43:56 +0000] "GET / HTTP/1.1" 304 - "-" "Mozilla/5.0 (Windows NT 10.0; WOW64) AppleWebKit/537.36 (KHTML, like Gecko) Chrome/46.0.2490.86 Safari/537.36"
::1 - - [25/Nov/2015:10:43:56 +0000] "GET /css/style.css HTTP/1.1" 304 - "http://localhost/" "Mozilla/5.0 (Windows NT 10.0; WOW64) AppleWebKit/537.36 (KHTML, like Gecko) Chrome/46.0.2490.86 Safari/537.36"
::1 - - [25/Nov/2015:10:43:56 +0000] "GET /js/js.js HTTP/1.1" 304 - "http://localhost/" "Mozilla/5.0 (Windows NT 10.0; WOW64) AppleWebKit/537.36 (KHTML, like Gecko) Chrome/46.0.2490.86 Safari/537.36"
::1 - - [25/Nov/2015:10:45:25 +0000] "GET / HTTP/1.1" 304 - "-" "Mozilla/5.0 (Windows NT 10.0; WOW64) AppleWebKit/537.36 (KHTML, like Gecko) Chrome/46.0.2490.86 Safari/537.36"
::1 - - [25/Nov/2015:10:45:25 +0000] "GET /js/js.js HTTP/1.1" 304 - "http://localhost/" "Mozilla/5.0 (Windows NT 10.0; WOW64) AppleWebKit/537.36 (KHTML, like Gecko) Chrome/46.0.2490.86 Safari/537.36"
::1 - - [25/Nov/2015:10:45:25 +0000] "GET /css/style.css HTTP/1.1" 200 33 "http://localhost/" "Mozilla/5.0 (Windows NT 10.0; WOW64) AppleWebKit/537.36 (KHTML, like Gecko) Chrome/46.0.2490.86 Safari/537.36"
::1 - - [25/Nov/2015:10:46:02 +0000] "GET / HTTP/1.1" 304 - "-" "Mozilla/5.0 (Windows NT 10.0; WOW64) AppleWebKit/537.36 (KHTML, like Gecko) Chrome/46.0.2490.86 Safari/537.36"
::1 - - [25/Nov/2015:10:46:02 +0000] "GET /js/js.js HTTP/1.1" 304 - "http://localhost/" "Mozilla/5.0 (Windows NT 10.0; WOW64) AppleWebKit/537.36 (KHTML, like Gecko) Chrome/46.0.2490.86 Safari/537.36"
::1 - - [25/Nov/2015:10:46:02 +0000] "GET /css/style.css HTTP/1.1" 200 138 "http://localhost/" "Mozilla/5.0 (Windows NT 10.0; WOW64) AppleWebKit/537.36 (KHTML, like Gecko) Chrome/46.0.2490.86 Safari/537.36"
::1 - - [25/Nov/2015:10:46:25 +0000] "GET / HTTP/1.1" 304 - "-" "Mozilla/5.0 (Windows NT 10.0; WOW64) AppleWebKit/537.36 (KHTML, like Gecko) Chrome/46.0.2490.86 Safari/537.36"
::1 - - [25/Nov/2015:10:46:25 +0000] "GET /js/js.js HTTP/1.1" 304 - "http://localhost/" "Mozilla/5.0 (Windows NT 10.0; WOW64) AppleWebKit/537.36 (KHTML, like Gecko) Chrome/46.0.2490.86 Safari/537.36"
::1 - - [25/Nov/2015:10:46:25 +0000] "GET /css/style.css HTTP/1.1" 200 161 "http://localhost/" "Mozilla/5.0 (Windows NT 10.0; WOW64) AppleWebKit/537.36 (KHTML, like Gecko) Chrome/46.0.2490.86 Safari/537.36"
::1 - - [25/Nov/2015:10:46:31 +0000] "GET / HTTP/1.1" 304 - "-" "Mozilla/5.0 (Windows NT 10.0; WOW64) AppleWebKit/537.36 (KHTML, like Gecko) Chrome/46.0.2490.86 Safari/537.36"
::1 - - [25/Nov/2015:10:46:31 +0000] "GET /js/js.js HTTP/1.1" 304 - "http://localhost/" "Mozilla/5.0 (Windows NT 10.0; WOW64) AppleWebKit/537.36 (KHTML, like Gecko) Chrome/46.0.2490.86 Safari/537.36"
::1 - - [25/Nov/2015:10:46:31 +0000] "GET /css/style.css HTTP/1.1" 200 156 "http://localhost/" "Mozilla/5.0 (Windows NT 10.0; WOW64) AppleWebKit/537.36 (KHTML, like Gecko) Chrome/46.0.2490.86 Safari/537.36"
::1 - - [25/Nov/2015:10:46:42 +0000] "GET / HTTP/1.1" 304 - "-" "Mozilla/5.0 (Windows NT 10.0; WOW64) AppleWebKit/537.36 (KHTML, like Gecko) Chrome/46.0.2490.86 Safari/537.36"
::1 - - [25/Nov/2015:10:46:42 +0000] "GET /js/js.js HTTP/1.1" 304 - "http://localhost/" "Mozilla/5.0 (Windows NT 10.0; WOW64) AppleWebKit/537.36 (KHTML, like Gecko) Chrome/46.0.2490.86 Safari/537.36"
::1 - - [25/Nov/2015:10:46:42 +0000] "GET /css/style.css HTTP/1.1" 200 173 "http://localhost/" "Mozilla/5.0 (Windows NT 10.0; WOW64) AppleWebKit/537.36 (KHTML, like Gecko) Chrome/46.0.2490.86 Safari/537.36"
::1 - - [25/Nov/2015:11:08:24 +0000] "GET / HTTP/1.1" 200 730 "-" "Mozilla/5.0 (Windows NT 10.0; WOW64) AppleWebKit/537.36 (KHTML, like Gecko) Chrome/46.0.2490.86 Safari/537.36"
::1 - - [25/Nov/2015:11:08:24 +0000] "GET /css/style.css HTTP/1.1" 200 173 "http://localhost/" "Mozilla/5.0 (Windows NT 10.0; WOW64) AppleWebKit/537.36 (KHTML, like Gecko) Chrome/46.0.2490.86 Safari/537.36"
::1 - - [25/Nov/2015:11:08:24 +0000] "GET /js/js.js HTTP/1.1" 200 95 "http://localhost/" "Mozilla/5.0 (Windows NT 10.0; WOW64) AppleWebKit/537.36 (KHTML, like Gecko) Chrome/46.0.2490.86 Safari/537.36"
